Using pre-set license
Built from '2020.3/release' branch; Version is '2020.3.2f1 (8fd9074bf66c) revision 9427207'; Using compiler version '192528614'; Build Type 'Release'
OS: 'Windows 10 Home; OS build 19042.1052; Version 2009; 64bit' Language: 'he' Physical Memory: 16196 MB
BatchMode: 1, IsHumanControllingUs: 0, StartBugReporterOnCrash: 0, Is64bit: 1, IsPro: 0

 COMMAND LINE ARGUMENTS:
C:\Program Files\Unity\Hub\Editor\2020.3.2f1\Editor\Unity.exe
-adb2
-batchMode
-noUpm
-name
AssetImportWorker0
-projectPath
D:/Git Projects/PlayFab_Test
-logFile
Logs/AssetImportWorker0.log
-srvPort
55334
Successfully changed project path to: D:/Git Projects/PlayFab_Test
D:/Git Projects/PlayFab_Test
Using Asset Import Pipeline V2.
Refreshing native plugins compatible for Editor in 35.63 ms, found 1 plugins.
Preloading 0 native plugins for Editor in 0.00 ms.
Initialize engine version: 2020.3.2f1 (8fd9074bf66c)
[Subsystems] Discovering subsystems at path C:/Program Files/Unity/Hub/Editor/2020.3.2f1/Editor/Data/Resources/UnitySubsystems
[Subsystems] Discovering subsystems at path D:/Git Projects/PlayFab_Test/Assets
GfxDevice: creating device client; threaded=0
Direct3D:
    Version:  Direct3D 11.0 [level 11.1]
    Renderer: NVIDIA GeForce RTX 2070 with Max-Q Design (ID=0x1f10)
    Vendor:   
    VRAM:     8031 MB
    Driver:   27.21.14.6231
Initialize mono
Mono path[0] = 'C:/Program Files/Unity/Hub/Editor/2020.3.2f1/Editor/Data/Managed'
Mono path[1] = 'C:/Program Files/Unity/Hub/Editor/2020.3.2f1/Editor/Data/MonoBleedingEdge/lib/mono/unityjit'
Mono config path = 'C:/Program Files/Unity/Hub/Editor/2020.3.2f1/Editor/Data/MonoBleedingEdge/etc'
Using monoOptions --debugger-agent=transport=dt_socket,embedding=1,server=y,suspend=n,address=127.0.0.1:56600
Begin MonoManager ReloadAssembly
Registering precompiled unity dll's ...
Register platform support module: C:/Program Files/Unity/Hub/Editor/2020.3.2f1/Editor/Data/PlaybackEngines/WebGLSupport/UnityEditor.WebGL.Extensions.dll
Register platform support module: C:/Program Files/Unity/Hub/Editor/2020.3.2f1/Editor/Data/PlaybackEngines/MacStandaloneSupport/UnityEditor.OSXStandalone.Extensions.dll
Register platform support module: C:/Program Files/Unity/Hub/Editor/2020.3.2f1/Editor/Data/PlaybackEngines/WindowsStandaloneSupport/UnityEditor.WindowsStandalone.Extensions.dll
Register platform support module: C:/Program Files/Unity/Hub/Editor/2020.3.2f1/Editor/Data/PlaybackEngines/LinuxStandaloneSupport/UnityEditor.LinuxStandalone.Extensions.dll
Register platform support module: C:/Program Files/Unity/Hub/Editor/2020.3.2f1/Editor/Data/PlaybackEngines/LuminSupport/UnityEditor.Lumin.Extensions.dll
Registered in 0.004851 seconds.
Native extension for Lumin target not found
Native extension for LinuxStandalone target not found
Native extension for WindowsStandalone target not found
Native extension for OSXStandalone target not found
Native extension for WebGL target not found
Refreshing native plugins compatible for Editor in 37.79 ms, found 1 plugins.
Preloading 0 native plugins for Editor in 0.00 ms.
Invoked RoslynAnalysisRunner static constructor.
RoslynAnalysisRunner will not be running.
RoslynAnalysisRunner has terminated.
Mono: successfully reloaded assembly
- Completed reload, in  2.460 seconds
Platform modules already initialized, skipping
Registering precompiled user dll's ...
Registered in 0.001047 seconds.
Begin MonoManager ReloadAssembly
Native extension for Lumin target not found
Native extension for LinuxStandalone target not found
Native extension for WindowsStandalone target not found
Native extension for OSXStandalone target not found
Native extension for WebGL target not found
Refreshing native plugins compatible for Editor in 34.82 ms, found 1 plugins.
Preloading 0 native plugins for Editor in 0.00 ms.
Invoked RoslynAnalysisRunner static constructor.
RoslynAnalysisRunner will not be running.
RoslynAnalysisRunner has terminated.
Mono: successfully reloaded assembly
- Completed reload, in  1.088 seconds
Platform modules already initialized, skipping
========================================================================
Worker process is ready to serve import requests
Launched and connected shader compiler UnityShaderCompiler.exe after 0.06 seconds
Refreshing native plugins compatible for Editor in 0.55 ms, found 1 plugins.
Preloading 0 native plugins for Editor in 0.00 ms.
Unloading 1989 Unused Serialized files (Serialized files now loaded: 0)
System memory in use before: 95.0 MB.
System memory in use after: 95.0 MB.

Unloading 25 unused Assets to reduce memory usage. Loaded Objects now: 2434.
Total: 1.970600 ms (FindLiveObjects: 0.215600 ms CreateObjectMapping: 0.080600 ms MarkObjects: 1.557300 ms  DeleteObjects: 0.116100 ms)

========================================================================
Received Import Request.
  path: Assets/Scripts/ListingPrefab.cs
  artifactKey: Guid(b5d79f025480a1443bdfedfa8b39a8d7) Importer(815301076,1909f56bfc062723c751e8b465ee728b)
Start importing Assets/Scripts/ListingPrefab.cs using Guid(b5d79f025480a1443bdfedfa8b39a8d7) Importer(815301076,1909f56bfc062723c751e8b465ee728b)  -> (artifact id: '349dc3f3777a70ff77b0fdefde00e6e6') in 0.044153 seconds
  Import took 0.046960 seconds .

========================================================================
Received Import Request.
  Time since last request: 0.041907 seconds.
  path: Assets/Scripts/PlayfabController.cs
  artifactKey: Guid(6e27f4f28ade03b4387b91a6d09271b7) Importer(815301076,1909f56bfc062723c751e8b465ee728b)
Start importing Assets/Scripts/PlayfabController.cs using Guid(6e27f4f28ade03b4387b91a6d09271b7) Importer(815301076,1909f56bfc062723c751e8b465ee728b)  -> (artifact id: '0475b4682c59fdf52e518af5a5a6db02') in 0.004943 seconds
  Import took 0.007550 seconds .

========================================================================
Received Import Request.
  Time since last request: 0.059416 seconds.
  path: Assets/Scripts/MenuController.cs
  artifactKey: Guid(b9944bddde51a8d4398e26de77d979c4) Importer(815301076,1909f56bfc062723c751e8b465ee728b)
Start importing Assets/Scripts/MenuController.cs using Guid(b9944bddde51a8d4398e26de77d979c4) Importer(815301076,1909f56bfc062723c751e8b465ee728b)  -> (artifact id: '429f69c21685843c4b92234e2a625315') in 0.005769 seconds
  Import took 0.008502 seconds .

========================================================================
Received Import Request.
  Time since last request: 0.006761 seconds.
  path: Assets/Scenes
  artifactKey: Guid(06685effc06a5c8408e9913b5f75126e) Importer(815301076,1909f56bfc062723c751e8b465ee728b)
Start importing Assets/Scenes using Guid(06685effc06a5c8408e9913b5f75126e) Importer(815301076,1909f56bfc062723c751e8b465ee728b)  -> (artifact id: '5bbf0df5181c4c72dee19085d64e1cba') in 0.005157 seconds
  Import took 0.007923 seconds .

========================================================================
Received Import Request.
  Time since last request: 0.064800 seconds.
  path: Assets/Scenes/SampleScene.unity
  artifactKey: Guid(2cda990e2423bbf4892e6590ba056729) Importer(815301076,1909f56bfc062723c751e8b465ee728b)
Start importing Assets/Scenes/SampleScene.unity using Guid(2cda990e2423bbf4892e6590ba056729) Importer(815301076,1909f56bfc062723c751e8b465ee728b)  -> (artifact id: '6d94cc2a0d0c27bf07c3681392355438') in 0.011699 seconds
  Import took 0.014404 seconds .

AssetImportWorkerClient::OnTransportError - code=2 error=End of file
